<?xml version="1.0" encoding="UTF-8"?>
<!-- Generated by org.testng.reporters.JUnitReportReporter -->
<testsuite skipped="0" hostname="DESKTOP-KU5GGMC" name="tracko.product.Tracko.SetupBrowser" tests="1" failures="0" timestamp="17 Jan 2018 03:08:12 GMT" time="28.619" errors="0">
  <testcase name="runall" time="28.619" classname="tracko.product.Tracko.SetupBrowser"/>
</testsuite> <!-- tracko.product.Tracko.SetupBrowser -->
