<?xml version="1.0" encoding="UTF-8"?>
<!-- Generated by org.testng.reporters.JUnitReportReporter -->
<testsuite skipped="0" hostname="DESKTOP-KU5GGMC" name="tracko.product.Tracko.CommanMethods" tests="1" failures="0" timestamp="18 Jan 2018 03:45:39 GMT" time="0.019" errors="0">
  <testcase name="beforeTest" time="0.019" classname="tracko.product.Tracko.CommanMethods"/>
</testsuite> <!-- tracko.product.Tracko.CommanMethods -->
